TN:
SF:script/DeployRaffle.s.sol
DA:16,10
FN:16,DeployRaffle.deployRaffle
FNDA:10,DeployRaffle.deployRaffle
DA:17,10
DA:18,10
DA:19,10
DA:21,10
DA:23,10
DA:24,10
DA:26,10
DA:28,10
DA:30,10
DA:33,10
DA:34,10
DA:36,10
DA:39,0
FN:39,DeployRaffle.run
FNDA:0,DeployRaffle.run
DA:40,0
FNF:2
FNH:1
LF:15
LH:13
BRF:0
BRH:0
end_of_record
TN:
SF:script/HelperConfig.s.sol
DA:37,10
FN:37,HelperConfig.constructor
FNDA:10,HelperConfig.constructor
DA:38,10
DA:39,10
DA:50,10
FN:50,HelperConfig.SepoliaConfig
FNDA:10,HelperConfig.SepoliaConfig
DA:51,10
DA:60,10
DA:62,10
DA:65,10
FN:65,HelperConfig.AnvilConfig
FNDA:10,HelperConfig.AnvilConfig
DA:66,10
BRDA:66,0,0,-
DA:67,0
DA:70,10
DA:71,10
DA:80,10
DA:82,10
DA:85,60
FN:85,HelperConfig.getlocalnetworkConfig
FNDA:60,HelperConfig.getlocalnetworkConfig
DA:86,60
DA:87,60
DA:90,10
FN:90,HelperConfig.setSubscriptionId
FNDA:10,HelperConfig.setSubscriptionId
DA:91,10
DA:94,0
FN:94,HelperConfig.setVRFCoordinator
FNDA:0,HelperConfig.setVRFCoordinator
DA:95,0
FNF:6
FNH:5
LF:21
LH:18
BRF:1
BRH:0
end_of_record
TN:
SF:script/Interactions.s.sol
DA:24,10
FN:24,CreateandFundandAddSubscription.constructor
FNDA:10,CreateandFundandAddSubscription.constructor
DA:25,10
DA:28,0
FN:28,CreateandFundandAddSubscription.getvrfCoordinatorUsingConfig
FNDA:0,CreateandFundandAddSubscription.getvrfCoordinatorUsingConfig
DA:29,0
DA:30,0
DA:31,0
DA:32,0
DA:35,10
FN:35,CreateandFundandAddSubscription.createSubscription
FNDA:10,CreateandFundandAddSubscription.createSubscription
DA:37,10
DA:39,10
DA:42,10
DA:45,10
FN:45,CreateandFundandAddSubscription.fundSubscription
FNDA:10,CreateandFundandAddSubscription.fundSubscription
DA:46,10
DA:47,10
DA:50,10
DA:54,10
FN:54,CreateandFundandAddSubscription.addConsumer
FNDA:10,CreateandFundandAddSubscription.addConsumer
DA:57,10
DA:59,10
DA:60,10
DA:63,10
DA:67,0
FN:67,CreateandFundandAddSubscription.run
FNDA:0,CreateandFundandAddSubscription.run
DA:68,0
DA:69,0
DA:70,0
DA:71,0
DA:72,0
FNF:6
FNH:4
LF:26
LH:15
BRF:0
BRH:0
end_of_record
TN:
SF:src/Raffle.sol
DA:57,10
FN:57,Raffle.constructor
FNDA:10,Raffle.constructor
DA:65,10
DA:66,10
DA:67,10
DA:68,10
DA:69,10
DA:70,10
DA:77,8
FN:77,Raffle.enterRaffle
FNDA:8,Raffle.enterRaffle
DA:80,8
BRDA:80,0,0,1
DA:81,1
DA:83,7
BRDA:83,1,0,1
DA:84,1
DA:86,6
DA:89,6
DA:101,7
FN:101,Raffle.checkUpkeep
FNDA:7,Raffle.checkUpkeep
DA:107,11
DA:108,11
DA:109,11
DA:110,11
DA:111,11
DA:112,11
DA:119,4
FN:119,Raffle.performUpkeep
FNDA:4,Raffle.performUpkeep
DA:120,4
DA:122,4
BRDA:122,2,0,1
DA:123,1
DA:126,3
DA:129,3
DA:133,3
DA:135,3
DA:142,1
FN:142,Raffle.fulfillRandomWords
FNDA:1,Raffle.fulfillRandomWords
DA:149,1
DA:150,1
DA:151,1
DA:152,1
DA:153,1
DA:154,1
DA:155,1
DA:156,1
DA:158,1
BRDA:158,3,0,-
DA:159,0
DA:166,2
FN:166,Raffle.getRaffleState
FNDA:2,Raffle.getRaffleState
DA:167,2
DA:170,0
FN:170,Raffle.getNumWords
FNDA:0,Raffle.getNumWords
DA:171,0
DA:174,0
FN:174,Raffle.getRequestConfirmations
FNDA:0,Raffle.getRequestConfirmations
DA:175,0
DA:178,0
FN:178,Raffle.getRecentWinner
FNDA:0,Raffle.getRecentWinner
DA:179,0
DA:182,0
FN:182,Raffle.getPlayer
FNDA:0,Raffle.getPlayer
DA:183,0
DA:186,0
FN:186,Raffle.getLastTimeStamp
FNDA:0,Raffle.getLastTimeStamp
DA:187,0
DA:190,7
FN:190,Raffle.getInterval
FNDA:7,Raffle.getInterval
DA:191,7
DA:194,0
FN:194,Raffle.getEntranceFee
FNDA:0,Raffle.getEntranceFee
DA:195,0
DA:198,1
FN:198,Raffle.getNumberOfPlayers
FNDA:1,Raffle.getNumberOfPlayers
DA:199,1
DA:202,1
FN:202,Raffle.getRequestId
FNDA:1,Raffle.getRequestId
DA:203,1
DA:207,5
FN:207,Raffle.setRaffleState
FNDA:5,Raffle.setRaffleState
DA:208,5
FNF:16
FNH:10
LF:62
LH:49
BRF:4
BRH:3
end_of_record
TN:
SF:test/intergration/LinkToken.sol
DA:15,0
FN:15,LinkToken.constructor
FNDA:0,LinkToken.constructor
DA:16,0
DA:19,0
FN:19,LinkToken.mint
FNDA:0,LinkToken.mint
DA:20,0
DA:31,0
FN:31,LinkToken.transferAndCall
FNDA:0,LinkToken.transferAndCall
DA:32,0
DA:34,0
DA:35,0
BRDA:35,0,0,-
DA:36,0
DA:38,0
DA:43,0
FN:43,LinkToken.contractFallback
FNDA:0,LinkToken.contractFallback
DA:44,0
DA:45,0
DA:48,0
FN:48,LinkToken.isContract
FNDA:0,LinkToken.isContract
DA:49,0
DA:51,0
DA:53,0
FNF:5
FNH:0
LF:17
LH:0
BRF:1
BRH:0
end_of_record
