TN:
SF:script/DeployRaffle.s.sol
DA:16,8
FN:16,DeployRaffle.deployRaffle
FNDA:8,DeployRaffle.deployRaffle
DA:17,8
DA:18,8
DA:19,8
DA:21,8
DA:23,8
DA:24,8
DA:26,8
DA:28,8
DA:30,8
DA:33,8
DA:34,8
DA:36,8
DA:39,0
FN:39,DeployRaffle.run
FNDA:0,DeployRaffle.run
DA:40,0
FNF:2
FNH:1
LF:15
LH:13
BRF:0
BRH:0
end_of_record
TN:
SF:script/HelperConfig.s.sol
DA:37,8
FN:37,HelperConfig.constructor
FNDA:8,HelperConfig.constructor
DA:38,8
DA:39,8
DA:50,8
FN:50,HelperConfig.SepoliaConfig
FNDA:8,HelperConfig.SepoliaConfig
DA:51,8
DA:60,8
DA:62,8
DA:65,8
FN:65,HelperConfig.AnvilConfig
FNDA:8,HelperConfig.AnvilConfig
DA:66,8
BRDA:66,0,0,-
DA:67,0
DA:70,8
DA:71,8
DA:80,8
DA:82,8
DA:85,48
FN:85,HelperConfig.getlocalnetworkConfig
FNDA:48,HelperConfig.getlocalnetworkConfig
DA:86,48
DA:87,48
DA:90,8
FN:90,HelperConfig.setSubscriptionId
FNDA:8,HelperConfig.setSubscriptionId
DA:91,8
DA:94,0
FN:94,HelperConfig.setVRFCoordinator
FNDA:0,HelperConfig.setVRFCoordinator
DA:95,0
FNF:6
FNH:5
LF:21
LH:18
BRF:1
BRH:0
end_of_record
TN:
SF:script/Interactions.s.sol
DA:24,8
FN:24,CreateandFundandAddSubscription.constructor
FNDA:8,CreateandFundandAddSubscription.constructor
DA:25,8
DA:28,0
FN:28,CreateandFundandAddSubscription.getvrfCoordinatorUsingConfig
FNDA:0,CreateandFundandAddSubscription.getvrfCoordinatorUsingConfig
DA:29,0
DA:30,0
DA:31,0
DA:32,0
DA:35,8
FN:35,CreateandFundandAddSubscription.createSubscription
FNDA:8,CreateandFundandAddSubscription.createSubscription
DA:37,8
DA:39,8
DA:42,8
DA:45,8
FN:45,CreateandFundandAddSubscription.fundSubscription
FNDA:8,CreateandFundandAddSubscription.fundSubscription
DA:46,8
DA:47,8
DA:50,8
DA:54,8
FN:54,CreateandFundandAddSubscription.addConsumer
FNDA:8,CreateandFundandAddSubscription.addConsumer
DA:57,8
DA:59,8
DA:60,8
DA:63,8
DA:67,0
FN:67,CreateandFundandAddSubscription.run
FNDA:0,CreateandFundandAddSubscription.run
DA:68,0
DA:69,0
DA:70,0
DA:71,0
DA:72,0
FNF:6
FNH:4
LF:26
LH:15
BRF:0
BRH:0
end_of_record
TN:
SF:src/Raffle.sol
DA:55,8
FN:55,Raffle.constructor
FNDA:8,Raffle.constructor
DA:63,8
DA:64,8
DA:65,8
DA:66,8
DA:67,8
DA:68,8
DA:75,7
FN:75,Raffle.enterRaffle
FNDA:7,Raffle.enterRaffle
DA:78,7
BRDA:78,0,0,1
DA:79,1
DA:81,6
BRDA:81,1,0,1
DA:82,1
DA:84,5
DA:87,5
DA:99,5
FN:99,Raffle.checkUpkeep
FNDA:5,Raffle.checkUpkeep
DA:105,7
DA:106,7
DA:107,7
DA:108,7
DA:109,7
DA:110,7
DA:117,2
FN:117,Raffle.performUpkeep
FNDA:2,Raffle.performUpkeep
DA:118,2
DA:120,2
BRDA:120,2,0,-
DA:121,0
DA:124,2
DA:127,2
DA:131,2
DA:138,0
FN:138,Raffle.fulfillRandomWords
FNDA:0,Raffle.fulfillRandomWords
DA:145,0
DA:146,0
DA:147,0
DA:148,0
DA:149,0
DA:150,0
DA:151,0
DA:152,0
DA:154,0
BRDA:154,3,0,-
DA:155,0
DA:162,1
FN:162,Raffle.getRaffleState
FNDA:1,Raffle.getRaffleState
DA:163,1
DA:166,0
FN:166,Raffle.getNumWords
FNDA:0,Raffle.getNumWords
DA:167,0
DA:170,0
FN:170,Raffle.getRequestConfirmations
FNDA:0,Raffle.getRequestConfirmations
DA:171,0
DA:174,0
FN:174,Raffle.getRecentWinner
FNDA:0,Raffle.getRecentWinner
DA:175,0
DA:178,0
FN:178,Raffle.getPlayer
FNDA:0,Raffle.getPlayer
DA:179,0
DA:182,0
FN:182,Raffle.getLastTimeStamp
FNDA:0,Raffle.getLastTimeStamp
DA:183,0
DA:186,5
FN:186,Raffle.getInterval
FNDA:5,Raffle.getInterval
DA:187,5
DA:190,0
FN:190,Raffle.getEntranceFee
FNDA:0,Raffle.getEntranceFee
DA:191,0
DA:194,0
FN:194,Raffle.getNumberOfPlayers
FNDA:0,Raffle.getNumberOfPlayers
DA:195,0
DA:199,4
FN:199,Raffle.setRaffleState
FNDA:4,Raffle.setRaffleState
DA:200,4
FNF:15
FNH:7
LF:59
LH:33
BRF:4
BRH:2
end_of_record
TN:
SF:test/intergration/LinkToken.sol
DA:15,0
FN:15,LinkToken.constructor
FNDA:0,LinkToken.constructor
DA:16,0
DA:19,0
FN:19,LinkToken.mint
FNDA:0,LinkToken.mint
DA:20,0
DA:31,0
FN:31,LinkToken.transferAndCall
FNDA:0,LinkToken.transferAndCall
DA:32,0
DA:34,0
DA:35,0
BRDA:35,0,0,-
DA:36,0
DA:38,0
DA:43,0
FN:43,LinkToken.contractFallback
FNDA:0,LinkToken.contractFallback
DA:44,0
DA:45,0
DA:48,0
FN:48,LinkToken.isContract
FNDA:0,LinkToken.isContract
DA:49,0
DA:51,0
DA:53,0
FNF:5
FNH:0
LF:17
LH:0
BRF:1
BRH:0
end_of_record
